Environment variables:
  - ANDROID_HOME=/home/kalap/android-sdk-linux
  - CLUTTER_IM_MODULE=xim
  - COLORTERM=gnome-terminal
  - COMPIZ_CONFIG_PROFILE=ubuntu
  - DBUS_SESSION_BUS_ADDRESS=unix:abstract=/tmp/dbus-u4HalnlyvC
  - DEFAULTS_PATH=/usr/share/gconf/ubuntu.default.path
  - DERBY_HOME=/usr/lib/jvm/java-8-oracle/db
  - DESKTOP_SESSION=ubuntu
  - DISPLAY=:0
  - EDITOR=vim
  - GDMSESSION=ubuntu
  - GDM_LANG=en_US
  - GEM_HOME=/home/kalap/.rvm/gems/ruby-2.3.1
  - GEM_PATH=/home/kalap/.rvm/gems/ruby-2.3.1:/home/kalap/.rvm/gems/ruby-2.3.1@global
  - GNOME_DESKTOP_SESSION_ID=this-is-deprecated
  - GNOME_KEYRING_CONTROL=/run/user/1000/keyring-5Qhw0b
  - GNOME_KEYRING_PID=1988
  - GPG_AGENT_INFO=/run/user/1000/keyring-5Qhw0b/gpg:0:1
  - GTK_IM_MODULE=ibus
  - GTK_MODULES=overlay-scrollbar:unity-gtk-module
  - HISTCONTROL=ignoreboth
  - HISTFILESIZE=100000
  - HISTTIMEFORMAT=%F %T 
  - HOME=/home/kalap
  - IM_CONFIG_PHASE=1
  - INFOPATH=/home/kalap/.linuxbrew/share/info:/home/kalap/.linuxbrew/share/info:
  - INSTANCE=Unity
  - IRBRC=/home/kalap/.rvm/rubies/ruby-2.3.1/.irbrc
  - J2REDIR=/usr/lib/jvm/java-8-oracle/jre
  - J2SDKDIR=/usr/lib/jvm/java-8-oracle
  - JAVA_HOME=/home/kalap/Downloads/sonar-scanner/sonar-scanner-3.0.3.778-linux/jre
  - JAVA_OPTS=-Xms512m -Xmx2g -Xss1m -XX:PermSize=128m -XX:MaxPermSize=256m -XX:+CMSClassUnloadingEnabled
  - JOB=gnome-session
  - LANG=en_US.UTF-8
  - LANGUAGE=en_US
  - LESSCLOSE=/usr/bin/lesspipe %s %s
  - LESSOPEN=| /usr/bin/lesspipe %s
  - LOGNAME=kalap
  - LS_COLORS=rs=0:di=01;34:ln=01;36:mh=00:pi=40;33:so=01;35:do=01;35:bd=40;33;01:cd=40;33;01:or=40;31;01:su=37;41:sg=30;43:ca=30;41:tw=30;42:ow=34;42:st=37;44:ex=01;32:*.tar=01;31:*.tgz=01;31:*.arj=01;31:*.taz=01;31:*.lzh=01;31:*.lzma=01;31:*.tlz=01;31:*.txz=01;31:*.zip=01;31:*.z=01;31:*.Z=01;31:*.dz=01;31:*.gz=01;31:*.lz=01;31:*.xz=01;31:*.bz2=01;31:*.bz=01;31:*.tbz=01;31:*.tbz2=01;31:*.tz=01;31:*.deb=01;31:*.rpm=01;31:*.jar=01;31:*.war=01;31:*.ear=01;31:*.sar=01;31:*.rar=01;31:*.ace=01;31:*.zoo=01;31:*.cpio=01;31:*.7z=01;31:*.rz=01;31:*.jpg=01;35:*.jpeg=01;35:*.gif=01;35:*.bmp=01;35:*.pbm=01;35:*.pgm=01;35:*.ppm=01;35:*.tga=01;35:*.xbm=01;35:*.xpm=01;35:*.tif=01;35:*.tiff=01;35:*.png=01;35:*.svg=01;35:*.svgz=01;35:*.mng=01;35:*.pcx=01;35:*.mov=01;35:*.mpg=01;35:*.mpeg=01;35:*.m2v=01;35:*.mkv=01;35:*.webm=01;35:*.ogm=01;35:*.mp4=01;35:*.m4v=01;35:*.mp4v=01;35:*.vob=01;35:*.qt=01;35:*.nuv=01;35:*.wmv=01;35:*.asf=01;35:*.rm=01;35:*.rmvb=01;35:*.flc=01;35:*.avi=01;35:*.fli=01;35:*.flv=01;35:*.gl=01;35:*.dl=01;35:*.xcf=01;35:*.xwd=01;35:*.yuv=01;35:*.cgm=01;35:*.emf=01;35:*.axv=01;35:*.anx=01;35:*.ogv=01;35:*.ogx=01;35:*.aac=00;36:*.au=00;36:*.flac=00;36:*.mid=00;36:*.midi=00;36:*.mka=00;36:*.mp3=00;36:*.mpc=00;36:*.ogg=00;36:*.ra=00;36:*.wav=00;36:*.axa=00;36:*.oga=00;36:*.spx=00;36:*.xspf=00;36:
  - MANDATORY_PATH=/usr/share/gconf/ubuntu.mandatory.path
  - MANPATH=/home/kalap/.linuxbrew/share/man:/home/kalap/.linuxbrew/share/man:
  - MY_RUBY_HOME=/home/kalap/.rvm/rubies/ruby-2.3.1
  - NLSPATH=/usr/dt/lib/nls/msg/%L/%N.cat
  - NODE_PATH=/usr/lib/nodejs:/usr/lib/node_modules:/usr/share/javascript:/home/pkala/node-v0.10.35-linux-x64/lib/node_modules
  - OLDPWD=/home/kalap
  - PATH=/home/kalap/.rvm/gems/ruby-2.3.1/bin:/home/kalap/.rvm/gems/ruby-2.3.1@global/bin:/home/kalap/.rvm/rubies/ruby-2.3.1/bin:/usr/local/src/scala/scala-2.10.4/bin:/usr/local/heroku/bin:/home/kalap/.local/bin:/home/kalap/local/bin:/home/kalap/.linuxbrew/bin:/usr/local/src/scala/scala-2.10.4/bin:/usr/local/heroku/bin:/home/kalap/.local/bin:/home/kalap/local/bin:/home/kalap/.linuxbrew/bin:/usr/local/sbin:/usr/local/bin:/usr/sbin:/usr/bin:/sbin:/bin:/usr/games:/usr/local/games:/usr/lib/jvm/java-8-oracle/bin:/usr/lib/jvm/java-8-oracle/db/bin:/usr/lib/jvm/java-8-oracle/jre/bin:/home/kalap/.rvm/bin:/home/pkala/node-v0.10.35-linux-x64/bin:/home/kalap/android-sdk-linux/tools:/home/kalap/android-sdk-linux/platform-tools:/home/kalap/android-sdk-linux/build-tools:/home/kalap/android-sdk-linux/build-tools:/home/kalap/node-v6.9.1-linux-x64/bin:/usr/lib/jvm/java-8-oracle/bin:/usr/lib/jvm/java-8-oracle/db/bin:/usr/lib/jvm/java-8-oracle/jre/bin:/home/kalap/.rvm/bin:/home/pkala/node-v0.10.35-linux-x64/bin:/home/kalap/android-sdk-linux/tools:/home/kalap/android-sdk-linux/platform-tools:/home/kalap/android-sdk-linux/build-tools:/home/kalap/android-sdk-linux/build-tools:/home/kalap/node-v6.9.1-linux-x64/bin
  - PS1=\[\e[31;1m\]\u\[\e[32;1m\]@\H:\[\e[32;1m\]\w\[\e[0m\]\$\[\e[0;34m\]$(parse_git_branch) \[\e[0;32m\] \[\e[0m\]
  - PWD=/home/kalap/Development/RubySonarqube
  - QT4_IM_MODULE=xim
  - QT_IM_MODULE=ibus
  - QT_QPA_PLATFORMTHEME=appmenu-qt5
  - RUBY_VERSION=ruby-2.3.1
  - SCALA_HOME=/usr/local/src/scala/scala-2.10.4
  - SELINUX_INIT=YES
  - SESSIONTYPE=gnome-session
  - SHELL=/bin/bash
  - SHLVL=2
  - SSH_AUTH_SOCK=/run/user/1000/keyring-5Qhw0b/ssh
  - TERM=screen
  - TEXTDOMAIN=im-config
  - TEXTDOMAINDIR=/usr/share/locale/
  - TMUX=/tmp/tmux-1000/default,3858,0
  - TMUX_PANE=%2
  - UPSTART_EVENTS=started starting
  - UPSTART_INSTANCE=
  - UPSTART_JOB=unity-settings-daemon
  - UPSTART_SESSION=unix:abstract=/com/ubuntu/upstart-session/1000/1990
  - USER=kalap
  - VTE_VERSION=3409
  - WINDOWID=60817420
  - XAUTHORITY=/home/kalap/.Xauthority
  - XDG_CONFIG_DIRS=/etc/xdg/xdg-ubuntu:/usr/share/upstart/xdg:/etc/xdg
  - XDG_CURRENT_DESKTOP=Unity
  - XDG_DATA_DIRS=/usr/share/ubuntu:/usr/share/gnome:/usr/local/share/:/usr/share/
  - XDG_GREETER_DATA_DIR=/var/lib/lightdm-data/kalap
  - XDG_RUNTIME_DIR=/run/user/1000
  - XDG_SEAT=seat0
  - XDG_SEAT_PATH=/org/freedesktop/DisplayManager/Seat0
  - XDG_SESSION_ID=c2
  - XDG_SESSION_PATH=/org/freedesktop/DisplayManager/Session0
  - XDG_VTNR=7
  - XFILESEARCHPATH=/usr/dt/app-defaults/%L/Dt
  - XMODIFIERS=@im=ibus
  - _=/usr/bin/sonar-scanner
  - _system_arch=x86_64
  - _system_name=Ubuntu
  - _system_type=Linux
  - _system_version=14.04
  - npm_config_userconfig=/home/kalap/.config/npmrc
  - rvm_bin_path=/home/kalap/.rvm/bin
  - rvm_path=/home/kalap/.rvm
  - rvm_prefix=/home/kalap
  - rvm_version=1.27.0 (latest)
System properties:
  - awt.toolkit=sun.awt.X11.XToolkit
  - file.encoding=UTF-8
  - file.encoding.pkg=sun.io
  - file.separator=/
  - java.awt.graphicsenv=sun.awt.X11GraphicsEnvironment
  - java.awt.headless=true
  - java.awt.printerjob=sun.print.PSPrinterJob
  - java.class.path=/home/kalap/Downloads/sonar-scanner/sonar-scanner-3.0.3.778-linux/lib/sonar-scanner-cli-3.0.3.778.jar
  - java.class.version=52.0
  - java.endorsed.dirs=/home/kalap/Downloads/sonar-scanner/sonar-scanner-3.0.3.778-linux/jre/lib/endorsed
  - java.ext.dirs=/home/kalap/Downloads/sonar-scanner/sonar-scanner-3.0.3.778-linux/jre/lib/ext:/usr/java/packages/lib/ext
  - java.home=/home/kalap/Downloads/sonar-scanner/sonar-scanner-3.0.3.778-linux/jre
  - java.io.tmpdir=/tmp
  - java.library.path=/usr/java/packages/lib/amd64:/usr/lib64:/lib64:/lib:/usr/lib
  - java.runtime.name=Java(TM) SE Runtime Environment
  - java.runtime.version=1.8.0_121-b13
  - java.specification.name=Java Platform API Specification
  - java.specification.vendor=Oracle Corporation
  - java.specification.version=1.8
  - java.vendor=Oracle Corporation
  - java.vendor.url=http://java.oracle.com/
  - java.vendor.url.bug=http://bugreport.sun.com/bugreport/
  - java.version=1.8.0_121
  - java.vm.info=mixed mode
  - java.vm.name=Java HotSpot(TM) 64-Bit Server VM
  - java.vm.specification.name=Java Virtual Machine Specification
  - java.vm.specification.vendor=Oracle Corporation
  - java.vm.specification.version=1.8
  - java.vm.vendor=Oracle Corporation
  - java.vm.version=25.121-b13
  - line.separator=

  - os.arch=amd64
  - os.name=Linux
  - os.version=3.19.0-25-generic
  - path.separator=:
  - project.home=/home/kalap/Development/RubySonarqube
  - scanner.home=/home/kalap/Downloads/sonar-scanner/sonar-scanner-3.0.3.778-linux
  - sun.arch.data.model=64
  - sun.boot.class.path=/home/kalap/Downloads/sonar-scanner/sonar-scanner-3.0.3.778-linux/jre/lib/resources.jar:/home/kalap/Downloads/sonar-scanner/sonar-scanner-3.0.3.778-linux/jre/lib/rt.jar:/home/kalap/Downloads/sonar-scanner/sonar-scanner-3.0.3.778-linux/jre/lib/sunrsasign.jar:/home/kalap/Downloads/sonar-scanner/sonar-scanner-3.0.3.778-linux/jre/lib/jsse.jar:/home/kalap/Downloads/sonar-scanner/sonar-scanner-3.0.3.778-linux/jre/lib/jce.jar:/home/kalap/Downloads/sonar-scanner/sonar-scanner-3.0.3.778-linux/jre/lib/charsets.jar:/home/kalap/Downloads/sonar-scanner/sonar-scanner-3.0.3.778-linux/jre/lib/jfr.jar:/home/kalap/Downloads/sonar-scanner/sonar-scanner-3.0.3.778-linux/jre/classes
  - sun.boot.library.path=/home/kalap/Downloads/sonar-scanner/sonar-scanner-3.0.3.778-linux/jre/lib/amd64
  - sun.cpu.endian=little
  - sun.cpu.isalist=
  - sun.desktop=gnome
  - sun.io.unicode.encoding=UnicodeLittle
  - sun.java.command=org.sonarsource.scanner.cli.Main -Dsonar.projectKey=TrafficCoordination -Dsonar.sources=. -Dsonar.host.url=http://0.0.0.0:9000 -Dsonar.login=487f4ed867478078ca54b0f9bf15b8144e859059 -X
  - sun.java.launcher=SUN_STANDARD
  - sun.jnu.encoding=UTF-8
  - sun.management.compiler=HotSpot 64-Bit Tiered Compilers
  - sun.os.patch.level=unknown
  - user.country=US
  - user.dir=/home/kalap/Development/RubySonarqube
  - user.home=/home/kalap
  - user.language=en
  - user.name=kalap
  - user.timezone=Europe/Warsaw
SonarQube plugins:
  - SonarC# 6.5.0.3766 (csharp)
  - SonarPython 1.8.0.1496 (python)
  - RubyPlugin 1.0.0 (RubyPlugin)
  - SonarJava 4.15.0.12310 (java)
  - Flex 2.3 (flex)
  - SonarQube :: Plugins :: SCM :: Git 1.3.0.869 (scmgit)
  - SonarXML 1.4.3.1027 (xml)
  - SonarPHP 2.11.0.2485 (php)
  - SonarTS 1.1.0.1079 (typescript)
  - SonarQube :: Plugins :: SCM :: SVN 1.6.0.860 (scmsvn)
  - SonarJS 3.2.0.5506 (javascript)
Global properties:
  - sonar.core.id=AWBBEpL0euGUNKIcNiZs
  - sonar.core.startTime=2017-12-11T20:41:16+0000
Settings for module: TrafficCoordination
  - sonar.host.url=http://0.0.0.0:9000
  - sonar.login=******
  - sonar.projectBaseDir=/home/kalap/Development/RubySonarqube
  - sonar.projectKey=TrafficCoordination
  - sonar.sourceEncoding=UTF-8
  - sonar.sources=.
  - sonar.verbose=true
  - sonar.working.directory=/home/kalap/Development/RubySonarqube/.scannerwork
